\BOOKMARK [1][-]{section*.5}{Abbildungsverzeichnis}{}% 1
\BOOKMARK [1][-]{section*.6}{Tabellenverzeichnis}{}% 2
\BOOKMARK [1][-]{section*.7}{Listingverzeichnis}{}% 3
\BOOKMARK [1][-]{section*.8}{Abk\374rzungsverzeichnis}{}% 4
\BOOKMARK [1][-]{section.1}{1 Einleitung}{}% 5
\BOOKMARK [2][-]{subsection.1.1}{1.1 Aufbau der Arbeit}{section.1}% 6
\BOOKMARK [1][-]{section.2}{2 Social Engineering}{}% 7
\BOOKMARK [2][-]{subsection.2.1}{2.1 Definition}{section.2}% 8
\BOOKMARK [2][-]{subsection.2.2}{2.2 Alternative zu technischen Methoden}{section.2}% 9
\BOOKMARK [2][-]{subsection.2.3}{2.3 G\344ngige Angrifffe}{section.2}% 10
\BOOKMARK [3][-]{subsubsection.2.3.1}{2.3.1 Heimarbeit und Helpdesks}{subsection.2.3}% 11
\BOOKMARK [3][-]{subsubsection.2.3.2}{2.3.2 Neue Angestellte}{subsection.2.3}% 12
\BOOKMARK [3][-]{subsubsection.2.3.3}{2.3.3 Angriff auf Mitwisser}{subsection.2.3}% 13
\BOOKMARK [3][-]{subsubsection.2.3.4}{2.3.4 Kombination sozialer und technischer Angriffe}{subsection.2.3}% 14
\BOOKMARK [1][-]{section.3}{3 Risikoanalyse und -management}{}% 15
\BOOKMARK [2][-]{subsection.3.1}{3.1 Allgemeines}{section.3}% 16
\BOOKMARK [2][-]{subsection.3.2}{3.2 Risikomanagement}{section.3}% 17
\BOOKMARK [2][-]{subsection.3.3}{3.3 Ursachen f\374r schlechtes Risikomanagement}{section.3}% 18
\BOOKMARK [2][-]{subsection.3.4}{3.4 Social Engineering als Risikofaktor}{section.3}% 19
\BOOKMARK [1][-]{section.4}{4 Ausblick}{}% 20
\BOOKMARK [1][-]{section.5}{5 Fazit}{}% 21
\BOOKMARK [1][-]{section.5}{Literaturverzeichnis}{}% 22
\BOOKMARK [1][-]{section*.10}{Anhang}{}% 23
\BOOKMARK [1][-]{section*.11}{Eidesstattliche Erkl\344rung}{}% 24
